<?xml version="1.0" encoding="UTF-8"?>
<!-- Generated by org.testng.reporters.JUnitReportReporter -->
<testsuite skipped="0" hostname="raghu-Lenovo-G570" name="com.org.webApplication.Framework.TestOne" tests="3" failures="0" timestamp="25 Jul 2018 18:23:38 GMT" time="20.810" errors="0">
  <testcase name="verifyLoginSession" time="3.249" classname="com.org.webApplication.Framework.TestOne"/>
  <testcase name="verifyAllLinksAvailable" time="14.833" classname="com.org.webApplication.Framework.TestOne"/>
  <testcase name="createNewCustomer" time="2.728" classname="com.org.webApplication.Framework.TestOne"/>
</testsuite> <!-- com.org.webApplication.Framework.TestOne -->
