<?xml version="1.0" encoding="UTF-8"?>
<!-- Generated by org.testng.reporters.JUnitXMLReporter -->
<testsuite hostname="raghu-Lenovo-G570" ignored="0" name="Default test" tests="3" failures="0" timestamp="25 Jul 2018 18:23:38 GMT" time="32.69" errors="0">
  <testcase name="verifyLoginSession" time="3.249" classname="com.org.webApplication.Framework.TestOne"/>
  <testcase name="verifyAllLinksAvailable" time="14.833" classname="com.org.webApplication.Framework.TestOne"/>
  <testcase name="createNewCustomer" time="2.728" classname="com.org.webApplication.Framework.TestOne"/>
</testsuite> <!-- Default test -->
